<?xml version="1.0" encoding="UTF-8"?>
<!-- Generated by org.testng.reporters.JUnitReportReporter -->
<testsuite hostname="Manjunath_2023" failures="0" tests="1" name="com.crm.Demo.Practice" time="0.007" errors="0" timestamp="2025-02-04T12:06:32 IST" skipped="0">
  <testcase classname="com.crm.Demo.Practice" name="Practice1" time="0.007"/>
</testsuite> <!-- com.crm.Demo.Practice -->
